c:\users\laptop\desktop\labexc-1-ass\20230621\x64\debug\vc143.pdb
c:\users\laptop\desktop\labexc-1-ass\20230621\x64\debug\vc143.idb
c:\users\laptop\desktop\labexc-1-ass\20230621\x64\debug\vector.obj
c:\users\laptop\desktop\labexc-1-ass\20230621\x64\debug\userinterface.obj
c:\users\laptop\desktop\labexc-1-ass\20230621\x64\debug\time.obj
c:\users\laptop\desktop\labexc-1-ass\20230621\x64\debug\test.obj
c:\users\laptop\desktop\labexc-1-ass\20230621\x64\debug\readfile.obj
c:\users\laptop\desktop\labexc-1-ass\20230621\x64\debug\main.obj
c:\users\laptop\desktop\labexc-1-ass\20230621\x64\debug\mathutils.obj
c:\users\laptop\desktop\labexc-1-ass\20230621\x64\debug\date.obj
c:\users\laptop\desktop\labexc-1-ass\20230621\x64\debug\storesinglelinedata.obj
c:\users\laptop\desktop\labexc-1-ass\20230621\x64\debug\intbst.obj
c:\users\laptop\desktop\labexc-1-ass\20230621\x64\debug\mainforlab8and9.obj
c:\users\laptop\desktop\labexc-1-ass\20230621\x64\debug\stringlab.exe
c:\users\laptop\desktop\labexc-1-ass\20230621\x64\debug\stringlab.ilk
c:\users\laptop\desktop\labexc-1-ass\20230621\x64\debug\stringlab.pdb
c:\users\laptop\desktop\labexc-1-ass\20230621\x64\debug\singlelinewithdataandtime.obj
c:\users\laptop\desktop\labexc-1-ass\20230621\x64\debug\stringlab.tlog\cl.command.1.tlog
c:\users\laptop\desktop\labexc-1-ass\20230621\x64\debug\stringlab.tlog\cl.items.tlog
c:\users\laptop\desktop\labexc-1-ass\20230621\x64\debug\stringlab.tlog\cl.read.1.tlog
c:\users\laptop\desktop\labexc-1-ass\20230621\x64\debug\stringlab.tlog\cl.write.1.tlog
c:\users\laptop\desktop\labexc-1-ass\20230621\x64\debug\stringlab.tlog\link.command.1.tlog
c:\users\laptop\desktop\labexc-1-ass\20230621\x64\debug\stringlab.tlog\link.read.1.tlog
c:\users\laptop\desktop\labexc-1-ass\20230621\x64\debug\stringlab.tlog\link.write.1.tlog
