c:\users\laptop\desktop\labexc-1-ass\project1\x64\debug\vc143.pdb
c:\users\laptop\desktop\labexc-1-ass\project1\x64\debug\vc143.idb
c:\users\laptop\desktop\labexc-1-ass\project1\x64\debug\regist.obj
c:\users\laptop\desktop\labexc-1-ass\project1\x64\debug\main.obj
c:\users\laptop\desktop\labexc-1-ass\project1\x64\debug\course.obj
c:\users\laptop\desktop\labexc-1-ass\project1\x64\debug\result.obj
c:\users\laptop\desktop\labexc-1-ass\project1\x64\debug\unit.obj
c:\users\laptop\desktop\labexc-1-ass\project1\x64\debug\project1.exe
c:\users\laptop\desktop\labexc-1-ass\project1\x64\debug\project1.ilk
c:\users\laptop\desktop\labexc-1-ass\project1\x64\debug\project1.pdb
c:\users\laptop\desktop\labexc-1-ass\project1\x64\debug\project1.tlog\cl.command.1.tlog
c:\users\laptop\desktop\labexc-1-ass\project1\x64\debug\project1.tlog\cl.read.1.tlog
c:\users\laptop\desktop\labexc-1-ass\project1\x64\debug\project1.tlog\cl.write.1.tlog
c:\users\laptop\desktop\labexc-1-ass\project1\x64\debug\project1.tlog\link.15996-cvtres.read.1.tlog
c:\users\laptop\desktop\labexc-1-ass\project1\x64\debug\project1.tlog\link.15996-cvtres.write.1.tlog
c:\users\laptop\desktop\labexc-1-ass\project1\x64\debug\project1.tlog\link.15996-rc.read.1.tlog
c:\users\laptop\desktop\labexc-1-ass\project1\x64\debug\project1.tlog\link.15996-rc.write.1.tlog
c:\users\laptop\desktop\labexc-1-ass\project1\x64\debug\project1.tlog\link.15996.read.1.tlog
c:\users\laptop\desktop\labexc-1-ass\project1\x64\debug\project1.tlog\link.15996.read.2.tlog
c:\users\laptop\desktop\labexc-1-ass\project1\x64\debug\project1.tlog\link.15996.write.1.tlog
c:\users\laptop\desktop\labexc-1-ass\project1\x64\debug\project1.tlog\link.command.1.tlog
c:\users\laptop\desktop\labexc-1-ass\project1\x64\debug\project1.tlog\link.read.1.tlog
c:\users\laptop\desktop\labexc-1-ass\project1\x64\debug\project1.tlog\link.write.1.tlog
